build/app/outputs/mapping/release/seeds.txt
com.example.ica_companion_pasco.MainActivity
com.example.ica_companion_pasco.MainActivity: MainActivity()
...
com.google.android.gms.internal.ads.zzli: com.google.android.gms.internal.ads.zzlc zza
com.google.android.gms.internal.play_billing.zzbt: com.google.android.gms.internal.play_billing.zzbt zzD
com.google.android.gms.internal.ads.zzra: boolean zzV
com.google.android.play.core.integrity.model.IntegrityErrorCode: int TOO_MANY_REQUESTS
com.google.android.gms.internal.ads.zzdbe: java.lang.String zza
com.google.android.gms.internal.ads.zzdsk: com.google.android.gms.internal.ads.zzgxl zzd
com.google.android.gms.internal.play_billing.zzbt: com.google.android.gms.internal.play_billing.zzbt zze
com.google.android.gms.internal.ads.zzckg: com.google.android.gms.internal.ads.zzgxl zzav
com.google.android.gms.internal.ads.zzchk: com.google.android.gms.internal.ads.zzgxl zzcz
com.google.android.gms.internal.auth.zzhv: com.google.android.gms.internal.auth.zzdc zzc
com.google.android.gms.internal.ads.zzasm: java.lang.reflect.Method zzf
com.google.android.gms.internal.ads.zzdmp: com.google.android.gms.internal.ads.zzbwb zzk
com.google.android.gms.internal.ads.zzdpo: java.lang.String zzb
com.google.android.gms.internal.ads.zzbwy: com.google.android.gms.internal.ads.zzbwy zza
com.google.android.gms.internal.play_billing.zzex: com.google.android.gms.internal.play_billing.zzex zzb
com.google.android.gms.internal.measurement.zzcl: android.os.Bundle zzg
com.google.android.gms.internal.firebase-auth-api.zzws: com.google.android.gms.internal.firebase-auth-api.zzxk zza
com.google.android.gms.internal.ads.zzcbi: int zzg
com.google.firestore.v1.StructuredQuery$FieldFilter: com.google.firestore.v1.StructuredQuery$FieldFilter DEFAULT_INSTANCE
com.google.android.gms.internal.ads.zzcio: com.google.android.gms.internal.ads.zzgxl zzO
com.google.android.gms.internal.ads.zzbxk: java.util.Map zza
com.google.android.gms.internal.ads.zzacu: int zzd
com.google.android.gms.internal.ads.zzccb: java.lang.String zzj
com.google.android.gms.internal.firebase-auth-api.zzkc: com.google.android.gms.internal.firebase-auth-api.zzkk zza
com.google.android.gms.internal.ads.zzcx: com.google.android.gms.internal.ads.zzcp zzg
com.google.android.gms.internal.ads.zzcke: com.google.android.gms.internal.ads.zzgxl zzac
com.google.android.gms.internal.auth.zzby: com.google.android.gms.internal.auth.zzby zzj
com.google.android.gms.internal.ads.zzggf: java.util.logging.Logger zza
com.google.android.gms.internal.ads.zzcf: java.lang.Object zzb
com.google.android.gms.internal.ads.zzcub: com.google.android.gms.internal.ads.zzctz zza
com.google.android.gms.internal.ads.zzbpz: java.lang.Object zzj
com.google.android.gms.internal.ads.zzcka: com.google.android.gms.internal.ads.zzgxl zzcE
com.google.android.gms.internal.ads.zzdct: com.google.android.gms.internal.ads.zzgxl zza
com.google.android.gms.internal.firebase-auth-api.zzfx: byte[] zza
com.google.android.gms.internal.ads.zzvk: int zze
com.google.android.gms.internal.firebase-auth-api.zziq$zza: com.google.android.gms.internal.firebase-auth-api.zziq$zzb zzb
com.google.android.gms.internal.ads.zzaxg: java.lang.String zze
com.google.firestore.v1.BitSequence: com.google.protobuf.Parser PARSER
com.google.android.recaptcha.internal.zzit: java.util.Map zzb
com.google.android.recaptcha.internal.zzl: com.google.android.recaptcha.internal.zzl zzZ
com.google.android.gms.internal.ads.zzagr: com.google.android.gms.internal.ads.zzen zzb
com.google.android.gms.internal.ads.zzdzl: boolean zzb
com.google.android.gms.internal.ads.zzbla: com.google.android.gms.internal.ads.zzbkm zzc
com.google.android.gms.internal.appset.zzr: com.google.android.gms.appset.AppSetIdClient zzb
com.google.firestore.v1.DocumentMask: com.google.protobuf.Internal$ProtobufList fieldPaths_
com.google.android.gms.internal.ads.zzgtl: com.google.android.gms.internal.ads.zzgre zza
com.google.android.gms.internal.ads.zzbm: java.lang.Integer zzz
com.google.android.gms.internal.ads.zzabj: boolean zzl
com.google.android.gms.internal.ads.zzaic: int zzb