build/app/outputs/mapping/release/mapping.txt
# compiler: R8
# compiler_version: 3.1.66
# min_api: 10000
# pg_map_id: 190ae16
# common_typos_disable
# {"id":"com.android.tools.r8.mapping","version":"1.0"}
...
androidx.core.app.ComponentActivity -> androidx.core.app.g:
    androidx.collection.SimpleArrayMap mExtraDataMap -> a
    androidx.lifecycle.LifecycleRegistry mLifecycleRegistry -> b
    androidx.lifecycle.Lifecycle getLifecycle() -> a
    boolean superDispatchKeyEvent(android.view.KeyEvent) -> r
    boolean shouldDumpInternalState(java.lang.String[]) -> w
    boolean shouldSkipDump(java.lang.String[]) -> x
androidx.core.app.CoreComponentFactory -> androidx.core.app.CoreComponentFactory:
    java.lang.Object checkCompatWrapper(java.lang.Object) -> a
androidx.core.app.CoreComponentFactory$CompatWrapped -> androidx.core.app.CoreComponentFactory$a:
    java.lang.Object getWrapper() -> a
androidx.core.app.JobIntentService -> androidx.core.app.h:
    java.util.ArrayList mCompatQueue -> l
    boolean mInterruptIfStopped -> i
    java.util.HashMap sClassWorkEnqueuer -> n
    boolean mStopped -> j
    boolean mDestroyed -> k
    androidx.core.app.JobIntentService$CompatJobEngine mJobImpl -> a
    androidx.core.app.JobIntentService$WorkEnqueuer mCompatWorkEnqueuer -> b
    androidx.core.app.JobIntentService$CommandProcessor mCurProcessor -> c
    java.lang.Object sLock -> m
    androidx.core.app.JobIntentService$GenericWorkItem dequeueWork() -> a
    boolean doStopCurrentWork() -> b
    void ensureProcessorRunningLocked(boolean) -> c
    androidx.core.app.JobIntentService$WorkEnqueuer getWorkEnqueuer(android.content.Context,android.content.ComponentName,boolean,int) -> d
    void onHandleWork(android.content.Intent) -> e
    boolean onStopCurrentWork() -> f
    void processorFinished() -> g
androidx.core.app.JobIntentService$CommandProcessor -> androidx.core.app.h$a:
    androidx.core.app.JobIntentService this$0 -> a
    java.lang.Void doInBackground(java.lang.Void[]) -> a
    void onCancelled(java.lang.Void) -> b
    void onPostExecute(java.lang.Void) -> c
androidx.core.app.JobIntentService$CompatJobEngine -> androidx.core.app.h$b:
androidx.core.app.JobIntentService$CompatWorkEnqueuer -> androidx.core.app.h$c:
    android.os.PowerManager$WakeLock mRunWakeLock -> f
    android.os.PowerManager$WakeLock mLaunchWakeLock -> e
    boolean mLaunchingService -> g
    boolean mServiceProcessing -> h
    android.content.Context mContext -> d
    void serviceProcessingFinished() -> b
    void serviceProcessingStarted() -> c
    void serviceStartReceived() -> d
androidx.core.app.JobIntentService$CompatWorkItem -> androidx.core.app.h$d:
    android.content.Intent mIntent -> a
    androidx.core.app.JobIntentService this$0 -> c
    int mStartId -> b
androidx.core.app.JobIntentService$GenericWorkItem -> androidx.core.app.h$e:
androidx.core.app.JobIntentService$JobServiceEngineImpl -> androidx.core.app.h$f:
    android.app.job.JobParameters mParams -> c
    androidx.core.app.JobIntentService mService -> a
    java.lang.Object mLock -> b
androidx.core.app.JobIntentService$JobServiceEngineImpl$WrapperWorkItem -> androidx.core.app.h$f$a:
    android.app.job.JobWorkItem mJobWork -> a
    androidx.core.app.JobIntentService$JobServiceEngineImpl this$0 -> b
androidx.core.app.JobIntentService$JobWorkEnqueuer -> androidx.core.app.h$g:
    android.app.job.JobScheduler mJobScheduler -> e
    android.app.job.JobInfo mJobInfo -> d
androidx.core.app.JobIntentService$WorkEnqueuer -> androidx.core.app.h$h:
    android.content.ComponentName mComponentName -> a
    boolean mHasJobId -> b
    int mJobId -> c
    void ensureJobId(int) -> a
    void serviceProcessingFinished() -> b
    void serviceProcessingStarted() -> c
    void serviceStartReceived() -> d
androidx.core.app.MultiWindowModeChangedInfo -> androidx.core.app.i:
    android.content.res.Configuration mNewConfig -> b
    boolean mIsInMultiWindowMode -> a
    boolean isInMultiWindowMode() -> a