build/app/outputs/mapping/release/usage.txt
com.example.ica_companion_pasco.BuildConfig
com.example.ica_companion_pasco.R$anim
com.example.ica_companion_pasco.R$animator
com.example.ica_companion_pasco.R$attr
com.example.ica_companion_pasco.R$bool
com.example.ica_companion_pasco.R$color
com.example.ica_companion_pasco.R$dimen
com.example.ica_companion_pasco.R$drawable
com.example.ica_companion_pasco.R$id
com.example.ica_companion_pasco.R$integer
com.example.ica_companion_pasco.R$interpolator
com.example.ica_companion_pasco.R$layout
com.example.ica_companion_pasco.R$mipmap
com.example.ica_companion_pasco.R$plurals
com.example.ica_companion_pasco.R$raw
com.example.ica_companion_pasco.R$string
com.example.ica_companion_pasco.R$style
com.example.ica_companion_pasco.R$styleable
com.example.ica_companion_pasco.R$xml
com.example.ica_companion_pasco.R
...
com.google.common.escape.Escapers$Builder
com.google.common.escape.Escapers
com.google.common.escape.ParametricNullness
com.google.common.escape.Platform$1
com.google.common.escape.Platform
com.google.common.escape.UnicodeEscaper
com.google.common.escape.package-info
com.google.common.eventbus.AllowConcurrentEvents
com.google.common.eventbus.AsyncEventBus
com.google.common.eventbus.DeadEvent
com.google.common.eventbus.Dispatcher$1
com.google.common.eventbus.Dispatcher$ImmediateDispatcher
com.google.common.eventbus.Dispatcher$LegacyAsyncDispatcher$EventWithSubscriber
com.google.common.eventbus.Dispatcher$LegacyAsyncDispatcher
com.google.common.eventbus.Dispatcher$PerThreadQueuedDispatcher$1
com.google.common.eventbus.Dispatcher$PerThreadQueuedDispatcher$2
com.google.common.eventbus.Dispatcher$PerThreadQueuedDispatcher$Event
com.google.common.eventbus.Dispatcher$PerThreadQueuedDispatcher
com.google.common.eventbus.Dispatcher
com.google.common.eventbus.ElementTypesAreNonnullByDefault
com.google.common.eventbus.EventBus$LoggingHandler
com.google.common.eventbus.EventBus
com.google.common.eventbus.ParametricNullness
com.google.common.eventbus.Subscribe
com.google.common.eventbus.Subscriber$1
com.google.common.eventbus.Subscriber$SynchronizedSubscriber
com.google.common.eventbus.Subscriber
com.google.common.eventbus.SubscriberExceptionContext
com.google.common.eventbus.SubscriberExceptionHandler
com.google.common.eventbus.SubscriberRegistry$1
com.google.common.eventbus.SubscriberRegistry$2
com.google.common.eventbus.SubscriberRegistry$MethodIdentifier
com.google.common.eventbus.SubscriberRegistry
com.google.common.eventbus.package-info
com.google.common.graph.AbstractBaseGraph$1
com.google.common.graph.AbstractBaseGraph$2
com.google.common.graph.AbstractBaseGraph
com.google.common.graph.AbstractDirectedNetworkConnections$1
com.google.common.graph.AbstractDirectedNetworkConnections
com.google.common.graph.AbstractGraph
com.google.common.graph.AbstractGraphBuilder
com.google.common.graph.AbstractNetwork$1$1
com.google.common.graph.AbstractNetwork$1
com.google.common.graph.AbstractNetwork$2
com.google.common.graph.AbstractNetwork
com.google.common.graph.AbstractUndirectedNetworkConnections
com.google.common.graph.AbstractValueGraph$1
com.google.common.graph.AbstractValueGraph
com.google.common.graph.BaseGraph
com.google.common.graph.DirectedGraphConnections$1$1
com.google.common.graph.DirectedGraphConnections$1
com.google.common.graph.DirectedGraphConnections$2$1
com.google.common.graph.DirectedGraphConnections$2$2
com.google.common.graph.DirectedGraphConnections$2
com.google.common.graph.DirectedGraphConnections$3$1
com.google.common.graph.DirectedGraphConnections$3$2
com.google.common.graph.DirectedGraphConnections$3
com.google.common.graph.DirectedGraphConnections$4
com.google.common.graph.DirectedGraphConnections$5
com.google.common.graph.DirectedGraphConnections$NodeConnection$Pred
com.google.common.graph.DirectedGraphConnections$NodeConnection$Succ
com.google.common.graph.DirectedGraphConnections$NodeConnection
com.google.common.graph.DirectedGraphConnections$PredAndSucc
com.google.common.graph.DirectedGraphConnections
com.google.common.graph.DirectedMultiNetworkConnections$1
com.google.common.graph.DirectedMultiNetworkConnections
com.google.common.graph.DirectedNetworkConnections
com.google.common.graph.EdgesConnecting
com.google.common.graph.ElementOrder$1
com.google.common.graph.ElementOrder$Type
com.google.common.graph.ElementOrder
com.google.common.graph.ElementTypesAreNonnullByDefault
com.google.common.graph.EndpointPair$1
com.google.common.graph.EndpointPair$Ordered
com.google.common.graph.EndpointPair$Unordered
com.google.common.graph.EndpointPair
com.google.common.graph.EndpointPairIterator$1
com.google.common.graph.EndpointPairIterator$Directed
com.google.common.graph.EndpointPairIterator$Undirected
com.google.common.graph.EndpointPairIterator
com.google.common.graph.ForwardingGraph